{"level":"warn","ts":"2023-10-29T16:30:57.588+0700","caller":"server/config.go:324","msg":"WARNING: insecure default parameter value, change this for production!","param":"console.username"}
{"level":"warn","ts":"2023-10-29T16:30:57.589+0700","caller":"server/config.go:328","msg":"WARNING: insecure default parameter value, change this for production!","param":"console.password"}
{"level":"warn","ts":"2023-10-29T16:30:57.589+0700","caller":"server/config.go:332","msg":"WARNING: insecure default parameter value, change this for production!","param":"console.signing_key"}
{"level":"warn","ts":"2023-10-29T16:30:57.589+0700","caller":"server/config.go:336","msg":"WARNING: insecure default parameter value, change this for production!","param":"socket.server_key"}
{"level":"warn","ts":"2023-10-29T16:30:57.589+0700","caller":"server/config.go:340","msg":"WARNING: insecure default parameter value, change this for production!","param":"session.encryption_key"}
{"level":"warn","ts":"2023-10-29T16:30:57.589+0700","caller":"server/config.go:344","msg":"WARNING: insecure default parameter value, change this for production!","param":"session.refresh_encryption_key"}
{"level":"warn","ts":"2023-10-29T16:30:57.589+0700","caller":"server/config.go:348","msg":"WARNING: insecure default parameter value, change this for production!","param":"runtime.http_key"}
{"level":"info","ts":"2023-10-29T16:30:57.589+0700","caller":"nakama/main.go:105","msg":"Nakama starting"}
{"level":"info","ts":"2023-10-29T16:30:57.589+0700","caller":"nakama/main.go:106","msg":"Node","name":"react-nakama-dev","version":"3.0.0+dev","runtime":"go1.21.3","cpu":8,"proc":8}
{"level":"info","ts":"2023-10-29T16:30:57.590+0700","caller":"nakama/main.go:107","msg":"Data directory","path":"../"}
{"level":"info","ts":"2023-10-29T16:30:57.590+0700","caller":"nakama/main.go:118","msg":"Database connections","dsns":["postgres:xxxxx@127.0.0.1:5432"]}
{"level":"debug","ts":"2023-10-29T16:30:57.590+0700","caller":"server/db.go:74","msg":"Complete database connection URL","raw_url":"postgres://postgres:41444144@127.0.0.1:5432/nakama?sslmode=prefer"}
{"level":"info","ts":"2023-10-29T16:30:57.707+0700","caller":"nakama/main.go:124","msg":"Database information","version":"PostgreSQL 16.0, compiled by Visual C++ build 1935, 64-bit"}
{"level":"info","ts":"2023-10-29T16:30:57.719+0700","caller":"server/leaderboard_rank_cache.go:122","msg":"Initializing leaderboard rank cache"}
{"level":"info","ts":"2023-10-29T16:30:57.720+0700","caller":"server/leaderboard_rank_cache.go:183","msg":"Leaderboard rank cache initialization completed successfully","cached":[],"skipped":[],"duration":"0s"}
{"level":"info","ts":"2023-10-29T16:30:57.720+0700","caller":"server/runtime.go:626","msg":"Initialising runtime","path":"..\\modules"}
{"level":"info","ts":"2023-10-29T16:30:57.734+0700","caller":"server/runtime.go:633","msg":"Initialising runtime event queue processor"}
{"level":"info","ts":"2023-10-29T16:30:57.735+0700","caller":"server/runtime.go:635","msg":"Runtime event queue processor started","size":65536,"workers":8}
{"level":"info","ts":"2023-10-29T16:30:57.735+0700","caller":"server/runtime_go.go:2671","msg":"Initialising Go runtime provider","path":"..\\modules"}
{"level":"info","ts":"2023-10-29T16:30:57.736+0700","caller":"server/runtime_go.go:2695","msg":"Go runtime modules loaded"}
{"level":"info","ts":"2023-10-29T16:30:57.736+0700","caller":"server/runtime_lua.go:115","msg":"Initialising Lua runtime provider","path":"..\\modules"}
{"level":"info","ts":"2023-10-29T16:30:57.737+0700","caller":"server/runtime_lua.go:1208","msg":"Lua runtime modules loaded"}
{"level":"info","ts":"2023-10-29T16:30:57.738+0700","caller":"server/runtime_lua.go:1211","msg":"Allocating minimum Lua runtime pool","count":16}
{"level":"info","ts":"2023-10-29T16:30:57.738+0700","caller":"server/runtime_lua.go:1219","msg":"Allocated minimum Lua runtime pool"}
{"level":"info","ts":"2023-10-29T16:30:57.738+0700","caller":"server/runtime_javascript.go:634","msg":"Initialising JavaScript runtime provider","path":"..\\modules","entrypoint":"/tictactoe/build/index.js"}
{"level":"info","ts":"2023-10-29T16:30:57.745+0700","caller":"server/runtime_javascript_logger.go:74","msg":"InitModule - template!"}
{"level":"info","ts":"2023-10-29T16:30:57.745+0700","caller":"server/runtime_javascript.go:1719","msg":"JavaScript runtime modules loaded"}
{"level":"info","ts":"2023-10-29T16:30:57.745+0700","caller":"server/runtime_javascript.go:1722","msg":"Allocating minimum JavaScript runtime pool","count":16}
{"level":"info","ts":"2023-10-29T16:30:57.786+0700","caller":"server/runtime_javascript.go:1730","msg":"Allocated minimum JavaScript runtime pool"}
{"level":"info","ts":"2023-10-29T16:30:57.787+0700","caller":"server/runtime.go:662","msg":"Found runtime modules","count":1,"modules":["index.js"]}
{"level":"info","ts":"2023-10-29T16:30:57.787+0700","caller":"server/runtime.go:679","msg":"Registered JavaScript runtime RPC function invocation","id":"get_pokemon"}
{"level":"info","ts":"2023-10-29T16:30:57.788+0700","caller":"server/runtime.go:679","msg":"Registered JavaScript runtime RPC function invocation","id":"rewards"}
{"level":"info","ts":"2023-10-29T16:30:57.788+0700","caller":"server/runtime.go:679","msg":"Registered JavaScript runtime RPC function invocation","id":"find_match"}
{"level":"info","ts":"2023-10-29T16:30:57.789+0700","caller":"server/leaderboard_scheduler.go:109","msg":"Leaderboard scheduler start"}
{"level":"info","ts":"2023-10-29T16:30:57.789+0700","caller":"server/leaderboard_scheduler.go:304","msg":"Leaderboard scheduler update","end_active":"-1ns","end_active_count":0,"expiry":"-1ns","expiry_count":0}
{"level":"info","ts":"2023-10-29T16:30:57.789+0700","caller":"server/api.go:138","msg":"Starting API server for gRPC requests","port":7349}
{"level":"info","ts":"2023-10-29T16:30:57.791+0700","caller":"server/api.go:289","msg":"Starting API server gateway for HTTP requests","port":7350}
{"level":"info","ts":"2023-10-29T16:30:57.797+0700","caller":"server/console.go:220","msg":"Starting Console server for gRPC requests","port":7348}
{"level":"info","ts":"2023-10-29T16:30:57.798+0700","caller":"server/console.go:324","msg":"Starting Console server gateway for HTTP requests","port":7351}
{"level":"info","ts":"2023-10-29T16:30:58.205+0700","caller":"nakama/main.go:195","msg":"Startup done"}
